This is pdfTeX, Version 3.14159265-2.6-1.40.21 (TeX Live 2020/Debian) (preloaded format=pdflatex 2022.1.25)  4 MAR 2022 16:49
entering extended mode
 restricted \write18 enabled.
 %&-line parsing enabled.
**rate.tex
(./rate.tex
LaTeX2e <2020-10-01> patch level 4
L3 programming layer <2021-01-09> xparse <2020-03-03>
(/usr/share/texlive/texmf-dist/tex/latex/base/article.cls
Document Class: article 2020/04/10 v1.4m Standard LaTeX document class
(/usr/share/texlive/texmf-dist/tex/latex/base/size10.clo
File: size10.clo 2020/04/10 v1.4m Standard LaTeX file (size option)
)
\c@part=\count177
\c@section=\count178
\c@subsection=\count179
\c@subsubsection=\count180
\c@paragraph=\count181
\c@subparagraph=\count182
\c@figure=\count183
\c@table=\count184
\abovecaptionskip=\skip47
\belowcaptionskip=\skip48
\bibindent=\dimen138
)
(/usr/share/texlive/texmf-dist/tex/latex/graphics/graphicx.sty
Package: graphicx 2020/09/09 v1.2b Enhanced LaTeX Graphics (DPC,SPQR)

(/usr/share/texlive/texmf-dist/tex/latex/graphics/keyval.sty
Package: keyval 2014/10/28 v1.15 key=value parser (DPC)
\KV@toks@=\toks15
)
(/usr/share/texlive/texmf-dist/tex/latex/graphics/graphics.sty
Package: graphics 2020/08/30 v1.4c Standard LaTeX Graphics (DPC,SPQR)

(/usr/share/texlive/texmf-dist/tex/latex/graphics/trig.sty
Package: trig 2016/01/03 v1.10 sin cos tan (DPC)
)
(/usr/share/texlive/texmf-dist/tex/latex/graphics-cfg/graphics.cfg
File: graphics.cfg 2016/06/04 v1.11 sample graphics configuration
)
Package graphics Info: Driver file: pdftex.def on input line 105.

(/usr/share/texlive/texmf-dist/tex/latex/graphics-def/pdftex.def
File: pdftex.def 2020/10/05 v1.2a Graphics/color driver for pdftex
))
\Gin@req@height=\dimen139
\Gin@req@width=\dimen140
)
(/usr/share/texlive/texmf-dist/tex/latex/amsmath/amsmath.sty
Package: amsmath 2020/09/23 v2.17i AMS math features
\@mathmargin=\skip49

For additional information on amsmath, use the `?' option.
(/usr/share/texlive/texmf-dist/tex/latex/amsmath/amstext.sty
Package: amstext 2000/06/29 v2.01 AMS text

(/usr/share/texlive/texmf-dist/tex/latex/amsmath/amsgen.sty
File: amsgen.sty 1999/11/30 v2.0 generic functions
\@emptytoks=\toks16
\ex@=\dimen141
))
(/usr/share/texlive/texmf-dist/tex/latex/amsmath/amsbsy.sty
Package: amsbsy 1999/11/29 v1.2d Bold Symbols
\pmbraise@=\dimen142
)
(/usr/share/texlive/texmf-dist/tex/latex/amsmath/amsopn.sty
Package: amsopn 2016/03/08 v2.02 operator names
)
\inf@bad=\count185
LaTeX Info: Redefining \frac on input line 234.
\uproot@=\count186
\leftroot@=\count187
LaTeX Info: Redefining \overline on input line 399.
\classnum@=\count188
\DOTSCASE@=\count189
LaTeX Info: Redefining \ldots on input line 496.
LaTeX Info: Redefining \dots on input line 499.
LaTeX Info: Redefining \cdots on input line 620.
\Mathstrutbox@=\box47
\strutbox@=\box48
\big@size=\dimen143
LaTeX Font Info:    Redeclaring font encoding OML on input line 743.
LaTeX Font Info:    Redeclaring font encoding OMS on input line 744.
\macc@depth=\count190
\c@MaxMatrixCols=\count191
\dotsspace@=\muskip16
\c@parentequation=\count192
\dspbrk@lvl=\count193
\tag@help=\toks17
\row@=\count194
\column@=\count195
\maxfields@=\count196
\andhelp@=\toks18
\eqnshift@=\dimen144
\alignsep@=\dimen145
\tagshift@=\dimen146
\tagwidth@=\dimen147
\totwidth@=\dimen148
\lineht@=\dimen149
\@envbody=\toks19
\multlinegap=\skip50
\multlinetaggap=\skip51
\mathdisplay@stack=\toks20
LaTeX Info: Redefining \[ on input line 2923.
LaTeX Info: Redefining \] on input line 2924.
)
(/usr/share/texlive/texmf-dist/tex/latex/amsfonts/amssymb.sty
Package: amssymb 2013/01/14 v3.01 AMS font symbols

(/usr/share/texlive/texmf-dist/tex/latex/amsfonts/amsfonts.sty
Package: amsfonts 2013/01/14 v3.01 Basic AMSFonts support
\symAMSa=\mathgroup4
\symAMSb=\mathgroup5
LaTeX Font Info:    Redeclaring math symbol \hbar on input line 98.
LaTeX Font Info:    Overwriting math alphabet `\mathfrak' in version `bold'
(Font)                  U/euf/m/n --> U/euf/b/n on input line 106.
))
(/usr/share/texlive/texmf-dist/tex/latex/geometry/geometry.sty
Package: geometry 2020/01/02 v5.9 Page Geometry

(/usr/share/texlive/texmf-dist/tex/generic/iftex/ifvtex.sty
Package: ifvtex 2019/10/25 v1.7 ifvtex legacy package. Use iftex instead.

(/usr/share/texlive/texmf-dist/tex/generic/iftex/iftex.sty
Package: iftex 2020/03/06 v1.0d TeX engine tests
))
\Gm@cnth=\count197
\Gm@cntv=\count198
\c@Gm@tempcnt=\count199
\Gm@bindingoffset=\dimen150
\Gm@wd@mp=\dimen151
\Gm@odd@mp=\dimen152
\Gm@even@mp=\dimen153
\Gm@layoutwidth=\dimen154
\Gm@layoutheight=\dimen155
\Gm@layouthoffset=\dimen156
\Gm@layoutvoffset=\dimen157
\Gm@dimlist=\toks21
)
(/usr/share/texlive/texmf-dist/tex/latex/l3backend/l3backend-pdftex.def
File: l3backend-pdftex.def 2020-01-29 L3 backend support: PDF output (pdfTeX)
\l__color_backend_stack_int=\count266
\l__pdf_internal_box=\box49
)
(./rate.aux)
\openout1 = `rate.aux'.

LaTeX Font Info:    Checking defaults for OML/cmm/m/it on input line 16.
LaTeX Font Info:    ... okay on input line 16.
LaTeX Font Info:    Checking defaults for OMS/cmsy/m/n on input line 16.
LaTeX Font Info:    ... okay on input line 16.
LaTeX Font Info:    Checking defaults for OT1/cmr/m/n on input line 16.
LaTeX Font Info:    ... okay on input line 16.
LaTeX Font Info:    Checking defaults for T1/cmr/m/n on input line 16.
LaTeX Font Info:    ... okay on input line 16.
LaTeX Font Info:    Checking defaults for TS1/cmr/m/n on input line 16.
LaTeX Font Info:    ... okay on input line 16.
LaTeX Font Info:    Checking defaults for OMX/cmex/m/n on input line 16.
LaTeX Font Info:    ... okay on input line 16.
LaTeX Font Info:    Checking defaults for U/cmr/m/n on input line 16.
LaTeX Font Info:    ... okay on input line 16.
 (/usr/share/texlive/texmf-dist/tex/context/base/mkii/supp-pdf.mkii
[Loading MPS to PDF converter (version 2006.09.02).]
\scratchcounter=\count267
\scratchdimen=\dimen158
\scratchbox=\box50
\nofMPsegments=\count268
\nofMParguments=\count269
\everyMPshowfont=\toks22
\MPscratchCnt=\count270
\MPscratchDim=\dimen159
\MPnumerator=\count271
\makeMPintoPDFobject=\count272
\everyMPtoPDFconversion=\toks23
) (/usr/share/texlive/texmf-dist/tex/latex/epstopdf-pkg/epstopdf-base.sty
Package: epstopdf-base 2020-01-24 v2.11 Base part for package epstopdf
Package epstopdf-base Info: Redefining graphics rule for `.eps' on input line 4
85.

(/usr/share/texlive/texmf-dist/tex/latex/latexconfig/epstopdf-sys.cfg
File: epstopdf-sys.cfg 2010/07/13 v1.3 Configuration of (r)epstopdf for TeX Liv
e
))
*geometry* driver: auto-detecting
*geometry* detected driver: pdftex
*geometry* verbose mode - [ preamble ] result:
* driver: pdftex
* paper: a4paper
* layout: <same size as paper>
* layoutoffset:(h,v)=(0.0pt,0.0pt)
* modes: 
* h-part:(L,W,R)=(56.9055pt, 512.14963pt, 28.45274pt)
* v-part:(T,H,B)=(56.9055pt, 686.7347pt, 101.40665pt)
* \paperwidth=597.50787pt
* \paperheight=845.04684pt
* \textwidth=512.14963pt
* \textheight=686.7347pt
* \oddsidemargin=-15.36449pt
* \evensidemargin=-15.36449pt
* \topmargin=-52.36449pt
* \headheight=12.0pt
* \headsep=25.0pt
* \topskip=10.0pt
* \footskip=30.0pt
* \marginparwidth=65.0pt
* \marginparsep=11.0pt
* \columnsep=10.0pt
* \skip\footins=9.0pt plus 4.0pt minus 2.0pt
* \hoffset=0.0pt
* \voffset=0.0pt
* \mag=1000
* \@twocolumnfalse
* \@twosidefalse
* \@mparswitchfalse
* \@reversemarginfalse
* (1in=72.27pt=25.4mm, 1cm=28.453pt)

LaTeX Font Info:    Trying to load font information for U+msa on input line 18.

(/usr/share/texlive/texmf-dist/tex/latex/amsfonts/umsa.fd
File: umsa.fd 2013/01/14 v3.01 AMS symbols A
)
LaTeX Font Info:    Trying to load font information for U+msb on input line 18.


(/usr/share/texlive/texmf-dist/tex/latex/amsfonts/umsb.fd
File: umsb.fd 2013/01/14 v3.01 AMS symbols B
)
<../../current/gui/data_2/1_e/1_e_20.jpg, id=1, 1456.7223pt x 1502.9751pt>
File: ../../current/gui/data_2/1_e/1_e_20.jpg Graphic file (type jpg)
<use ../../current/gui/data_2/1_e/1_e_20.jpg>
Package pdftex.def Info: ../../current/gui/data_2/1_e/1_e_20.jpg  used on input
 line 26.
(pdftex.def)             Requested size: 512.14963pt x 528.41133pt.
 [1

{/var/lib/texmf/fonts/map/pdftex/updmap/pdftex.map} <../../current/gui/data_2/1
_e/1_e_20.jpg>]
<../../current/gui/data_2/1_e/1_e_20_Wmax.jpg, id=17, 1456.7223pt x 1502.9751pt
>
File: ../../current/gui/data_2/1_e/1_e_20_Wmax.jpg Graphic file (type jpg)
<use ../../current/gui/data_2/1_e/1_e_20_Wmax.jpg>
Package pdftex.def Info: ../../current/gui/data_2/1_e/1_e_20_Wmax.jpg  used on 
input line 36.
(pdftex.def)             Requested size: 512.14963pt x 528.41133pt.

[2 <../../current/gui/data_2/1_e/1_e_20_Wmax.jpg>]
<../../current/gui/data_2/1_e/1_e_50.jpg, id=21, 1456.7223pt x 1502.9751pt>
File: ../../current/gui/data_2/1_e/1_e_50.jpg Graphic file (type jpg)
<use ../../current/gui/data_2/1_e/1_e_50.jpg>
Package pdftex.def Info: ../../current/gui/data_2/1_e/1_e_50.jpg  used on input
 line 41.
(pdftex.def)             Requested size: 512.14963pt x 528.41133pt.
 [3 <../../current/gui/data_2/1_e/1_e_50.jpg>]
<../../current/gui/data_2/1_e/1_e_50_Wmax.jpg, id=25, 1456.7223pt x 1502.9751pt
>
File: ../../current/gui/data_2/1_e/1_e_50_Wmax.jpg Graphic file (type jpg)
<use ../../current/gui/data_2/1_e/1_e_50_Wmax.jpg>
Package pdftex.def Info: ../../current/gui/data_2/1_e/1_e_50_Wmax.jpg  used on 
input line 46.
(pdftex.def)             Requested size: 512.14963pt x 528.41133pt.
 [4 <../../current/gui/data_2/1_e/1_e_50_Wmax.jpg>]
<../../current/gui/data_2/1_i/1_i_20.jpg, id=29, 1456.7223pt x 1502.9751pt>
File: ../../current/gui/data_2/1_i/1_i_20.jpg Graphic file (type jpg)
<use ../../current/gui/data_2/1_i/1_i_20.jpg>
Package pdftex.def Info: ../../current/gui/data_2/1_i/1_i_20.jpg  used on input
 line 54.
(pdftex.def)             Requested size: 512.14963pt x 528.41133pt.
 [5 <../../current/gui/data_2/1_i/1_i_20.jpg>]
<../../current/gui/data_2/1_i/1_i_20_Wmax.jpg, id=33, 1456.7223pt x 1502.9751pt
>
File: ../../current/gui/data_2/1_i/1_i_20_Wmax.jpg Graphic file (type jpg)
<use ../../current/gui/data_2/1_i/1_i_20_Wmax.jpg>
Package pdftex.def Info: ../../current/gui/data_2/1_i/1_i_20_Wmax.jpg  used on 
input line 65.
(pdftex.def)             Requested size: 512.14963pt x 528.41133pt.
 [6 <../../current/gui/data_2/1_i/1_i_20_Wmax.jpg>]
<../../current/gui/data_2/1_i/1_i_50.jpg, id=37, 1456.7223pt x 1502.9751pt>
File: ../../current/gui/data_2/1_i/1_i_50.jpg Graphic file (type jpg)
<use ../../current/gui/data_2/1_i/1_i_50.jpg>
Package pdftex.def Info: ../../current/gui/data_2/1_i/1_i_50.jpg  used on input
 line 70.
(pdftex.def)             Requested size: 512.14963pt x 528.41133pt.
 [7 <../../current/gui/data_2/1_i/1_i_50.jpg>]
<../../current/gui/data_2/1_i/1_i_50_Wmax.jpg, id=42, 1471.4172pt x 1502.9751pt
>
File: ../../current/gui/data_2/1_i/1_i_50_Wmax.jpg Graphic file (type jpg)
<use ../../current/gui/data_2/1_i/1_i_50_Wmax.jpg>
Package pdftex.def Info: ../../current/gui/data_2/1_i/1_i_50_Wmax.jpg  used on 
input line 76.
(pdftex.def)             Requested size: 512.14963pt x 523.13661pt.
 [8 <../../current/gui/data_2/1_i/1_i_50_Wmax.jpg>]
<../../current/gui/data_2/1_ei/1_ei_20.jpg, id=46, 1456.7223pt x 1502.9751pt>
File: ../../current/gui/data_2/1_ei/1_ei_20.jpg Graphic file (type jpg)
<use ../../current/gui/data_2/1_ei/1_ei_20.jpg>
Package pdftex.def Info: ../../current/gui/data_2/1_ei/1_ei_20.jpg  used on inp
ut line 84.
(pdftex.def)             Requested size: 512.14963pt x 528.41133pt.
 [9 <../../current/gui/data_2/1_ei/1_ei_20.jpg>]
<../../current/gui/data_2/1_ei/1_ei_20_Wmax.jpg, id=50, 1456.7223pt x 1502.9751
pt>
File: ../../current/gui/data_2/1_ei/1_ei_20_Wmax.jpg Graphic file (type jpg)
<use ../../current/gui/data_2/1_ei/1_ei_20_Wmax.jpg>
Package pdftex.def Info: ../../current/gui/data_2/1_ei/1_ei_20_Wmax.jpg  used o
n input line 89.
(pdftex.def)             Requested size: 512.14963pt x 528.41133pt.

[10 <../../current/gui/data_2/1_ei/1_ei_20_Wmax.jpg>]
<../../current/gui/data_2/1_ei/1_ei_50.jpg, id=54, 1456.7223pt x 1502.9751pt>
File: ../../current/gui/data_2/1_ei/1_ei_50.jpg Graphic file (type jpg)
<use ../../current/gui/data_2/1_ei/1_ei_50.jpg>
Package pdftex.def Info: ../../current/gui/data_2/1_ei/1_ei_50.jpg  used on inp
ut line 94.
(pdftex.def)             Requested size: 512.14963pt x 528.41133pt.
 [11 <../../current/gui/data_2/1_ei/1_ei_50.jpg>]
<../../current/gui/data_2/1_ei/1_ei_50_Wmax.jpg, id=58, 1456.7223pt x 1502.9751
pt>
File: ../../current/gui/data_2/1_ei/1_ei_50_Wmax.jpg Graphic file (type jpg)
<use ../../current/gui/data_2/1_ei/1_ei_50_Wmax.jpg>
Package pdftex.def Info: ../../current/gui/data_2/1_ei/1_ei_50_Wmax.jpg  used o
n input line 99.
(pdftex.def)             Requested size: 512.14963pt x 528.41133pt.
 [12 <../../current/gui/data_2/1_ei/1_ei_50_Wmax.jpg>]
<../../current/gui/data_2/2_e/2_e_20.jpg, id=62, 1456.7223pt x 1502.9751pt>
File: ../../current/gui/data_2/2_e/2_e_20.jpg Graphic file (type jpg)
<use ../../current/gui/data_2/2_e/2_e_20.jpg>
Package pdftex.def Info: ../../current/gui/data_2/2_e/2_e_20.jpg  used on input
 line 108.
(pdftex.def)             Requested size: 512.14963pt x 528.41133pt.

[13 <../../current/gui/data_2/2_e/2_e_20.jpg>]
<../../current/gui/data_2/2_e/2_e_20_Wmax.jpg, id=67, 1456.7223pt x 1502.9751pt
>
File: ../../current/gui/data_2/2_e/2_e_20_Wmax.jpg Graphic file (type jpg)
<use ../../current/gui/data_2/2_e/2_e_20_Wmax.jpg>
Package pdftex.def Info: ../../current/gui/data_2/2_e/2_e_20_Wmax.jpg  used on 
input line 113.
(pdftex.def)             Requested size: 512.14963pt x 528.41133pt.
 [14 <../../current/gui/data_2/2_e/2_e_20_Wmax.jpg>]
<../../current/gui/data_2/2_e/2_e_50.jpg, id=71, 1456.7223pt x 1502.9751pt>
File: ../../current/gui/data_2/2_e/2_e_50.jpg Graphic file (type jpg)
<use ../../current/gui/data_2/2_e/2_e_50.jpg>
Package pdftex.def Info: ../../current/gui/data_2/2_e/2_e_50.jpg  used on input
 line 118.
(pdftex.def)             Requested size: 512.14963pt x 528.41133pt.
 [15 <../../current/gui/data_2/2_e/2_e_50.jpg>]
<../../current/gui/data_2/2_e/2_e_50_Wmax.jpg, id=75, 1456.7223pt x 1502.9751pt
>
File: ../../current/gui/data_2/2_e/2_e_50_Wmax.jpg Graphic file (type jpg)
<use ../../current/gui/data_2/2_e/2_e_50_Wmax.jpg>
Package pdftex.def Info: ../../current/gui/data_2/2_e/2_e_50_Wmax.jpg  used on 
input line 123.
(pdftex.def)             Requested size: 512.14963pt x 528.41133pt.
 [16 <../../current/gui/data_2/2_e/2_e_50_Wmax.jpg>]
<../../current/gui/data_2/2_i/2_i_20.jpg, id=79, 1456.7223pt x 1502.9751pt>
File: ../../current/gui/data_2/2_i/2_i_20.jpg Graphic file (type jpg)
<use ../../current/gui/data_2/2_i/2_i_20.jpg>
Package pdftex.def Info: ../../current/gui/data_2/2_i/2_i_20.jpg  used on input
 line 131.
(pdftex.def)             Requested size: 512.14963pt x 528.41133pt.
 [17 <../../current/gui/data_2/2_i/2_i_20.jpg>]
<../../current/gui/data_2/2_i/2_i_20_Wmax.jpg, id=83, 1456.7223pt x 1502.9751pt
>
File: ../../current/gui/data_2/2_i/2_i_20_Wmax.jpg Graphic file (type jpg)
<use ../../current/gui/data_2/2_i/2_i_20_Wmax.jpg>
Package pdftex.def Info: ../../current/gui/data_2/2_i/2_i_20_Wmax.jpg  used on 
input line 136.
(pdftex.def)             Requested size: 512.14963pt x 528.41133pt.
 [18 <../../current/gui/data_2/2_i/2_i_20_Wmax.jpg>]
<../../current/gui/data_2/2_i/2_i_50.jpg, id=87, 1456.7223pt x 1502.9751pt>
File: ../../current/gui/data_2/2_i/2_i_50.jpg Graphic file (type jpg)
<use ../../current/gui/data_2/2_i/2_i_50.jpg>
Package pdftex.def Info: ../../current/gui/data_2/2_i/2_i_50.jpg  used on input
 line 141.
(pdftex.def)             Requested size: 512.14963pt x 528.41133pt.
 [19 <../../current/gui/data_2/2_i/2_i_50.jpg>]
<../../current/gui/data_2/2_i/2_i_50_Wmax.jpg, id=92, 1456.7223pt x 1502.9751pt
>
File: ../../current/gui/data_2/2_i/2_i_50_Wmax.jpg Graphic file (type jpg)
<use ../../current/gui/data_2/2_i/2_i_50_Wmax.jpg>
Package pdftex.def Info: ../../current/gui/data_2/2_i/2_i_50_Wmax.jpg  used on 
input line 146.
(pdftex.def)             Requested size: 512.14963pt x 528.41133pt.
 [20 <../../current/gui/data_2/2_i/2_i_50_Wmax.jpg>]
<../../current/gui/data_2/2_ei/2_ei_20.jpg, id=96, 1456.7223pt x 1502.9751pt>
File: ../../current/gui/data_2/2_ei/2_ei_20.jpg Graphic file (type jpg)
<use ../../current/gui/data_2/2_ei/2_ei_20.jpg>
Package pdftex.def Info: ../../current/gui/data_2/2_ei/2_ei_20.jpg  used on inp
ut line 154.
(pdftex.def)             Requested size: 512.14963pt x 528.41133pt.
[21 <../../current/gui/data_2/2_ei/2_ei_20.jpg>]
<../../current/gui/data_2/2_ei/2_ei_20_Wmax.jpg, id=100, 1456.7223pt x 1502.975
1pt>
File: ../../current/gui/data_2/2_ei/2_ei_20_Wmax.jpg Graphic file (type jpg)
<use ../../current/gui/data_2/2_ei/2_ei_20_Wmax.jpg>
Package pdftex.def Info: ../../current/gui/data_2/2_ei/2_ei_20_Wmax.jpg  used o
n input line 159.
(pdftex.def)             Requested size: 512.14963pt x 528.41133pt.
 [22 <../../current/gui/data_2/2_ei/2_ei_20_Wmax.jpg>]
<../../current/gui/data_2/2_ei/2_ei_50.jpg, id=104, 1456.7223pt x 1502.9751pt>
File: ../../current/gui/data_2/2_ei/2_ei_50.jpg Graphic file (type jpg)
<use ../../current/gui/data_2/2_ei/2_ei_50.jpg>
Package pdftex.def Info: ../../current/gui/data_2/2_ei/2_ei_50.jpg  used on inp
ut line 164.
(pdftex.def)             Requested size: 512.14963pt x 528.41133pt.
 [23 <../../current/gui/data_2/2_ei/2_ei_50.jpg>]
<../../current/gui/data_2/2_ei/2_ei_50_Wmax.jpg, id=108, 1456.7223pt x 1502.975
1pt>
File: ../../current/gui/data_2/2_ei/2_ei_50_Wmax.jpg Graphic file (type jpg)
<use ../../current/gui/data_2/2_ei/2_ei_50_Wmax.jpg>
Package pdftex.def Info: ../../current/gui/data_2/2_ei/2_ei_50_Wmax.jpg  used o
n input line 169.
(pdftex.def)             Requested size: 512.14963pt x 528.41133pt.

[24 <../../current/gui/data_2/2_ei/2_ei_50_Wmax.jpg>]
<../rate_1.png, id=112, 279.2031pt x 710.29366pt>
File: ../rate_1.png Graphic file (type png)
<use ../rate_1.png>
Package pdftex.def Info: ../rate_1.png  used on input line 211.
(pdftex.def)             Requested size: 169.0103pt x 429.98369pt.
 [25]
<../rate_2.png, id=124, 291.12766pt x 710.29366pt>
File: ../rate_2.png Graphic file (type png)
<use ../rate_2.png>
Package pdftex.def Info: ../rate_2.png  used on input line 228.
(pdftex.def)             Requested size: 169.0103pt x 412.34995pt.
 [26 <../rate_1.png>]
<../rate_3.png, id=129, 572.6193pt x 710.1732pt>
File: ../rate_3.png Graphic file (type png)
<use ../rate_3.png>
Package pdftex.def Info: ../rate_3.png  used on input line 241.
(pdftex.def)             Requested size: 220.22058pt x 273.11952pt.
[27 <../rate_2.png>]
<../rate_4.png, id=134, 572.6193pt x 710.1732pt>
File: ../rate_4.png Graphic file (type png)
<use ../rate_4.png>
Package pdftex.def Info: ../rate_4.png  used on input line 253.
(pdftex.def)             Requested size: 220.22058pt x 273.11952pt.

Underfull \hbox (badness 10000) in paragraph at lines 259--261

 []

[28 <../rate_3.png> <../rate_4.png>]
<../../current/gui/data_noise/HighRate_SigmaOU_1000.png, id=140, 578.16pt x 216
.81pt>
File: ../../current/gui/data_noise/HighRate_SigmaOU_1000.png Graphic file (type
 png)
<use ../../current/gui/data_noise/HighRate_SigmaOU_1000.png>
Package pdftex.def Info: ../../current/gui/data_noise/HighRate_SigmaOU_1000.png
  used on input line 268.
(pdftex.def)             Requested size: 256.07481pt x 96.02525pt.
<../../current/gui/data_noise/HighRate_SigmaOU_10000.png, id=141, 578.16pt x 21
6.81pt>
File: ../../current/gui/data_noise/HighRate_SigmaOU_10000.png Graphic file (typ
e png)
<use ../../current/gui/data_noise/HighRate_SigmaOU_10000.png>
Package pdftex.def Info: ../../current/gui/data_noise/HighRate_SigmaOU_10000.pn
g  used on input line 269.
(pdftex.def)             Requested size: 256.07481pt x 96.02525pt.

Overfull \hbox (27.22224pt too wide) in paragraph at lines 267--270
[] [] 
 []

<./flowchart_noise.pdf, id=142, 845.0471pt x 1195.0156pt>
File: ./flowchart_noise.pdf Graphic file (type pdf)
<use ./flowchart_noise.pdf>
Package pdftex.def Info: ./flowchart_noise.pdf  used on input line 271.
(pdftex.def)             Requested size: 256.07481pt x 383.10437pt.
<../../current/gui/data_noise/3_.png, id=144, 1204.5pt x 1706.375pt>
File: ../../current/gui/data_noise/3_.png Graphic file (type png)
<use ../../current/gui/data_noise/3_.png>
Package pdftex.def Info: ../../current/gui/data_noise/3_.png  used on input lin
e 275.
(pdftex.def)             Requested size: 256.07481pt x 362.77565pt.
<../../current/gui/data_noise/10_noise.png, id=145, 1204.5pt x 1730.465pt>
File: ../../current/gui/data_noise/10_noise.png Graphic file (type png)
<use ../../current/gui/data_noise/10_noise.png>
Package pdftex.def Info: ../../current/gui/data_noise/10_noise.png  used on inp
ut line 276.
(pdftex.def)             Requested size: 256.07481pt x 367.89719pt.
[29 <./flowchart_noise.pdf> <../../current/gui/data_noise/HighRate_SigmaOU_1000
.png> <../../current/gui/data_noise/HighRate_SigmaOU_10000.png>] [30 <../../cur
rent/gui/data_noise/3_.png>] [31 <../../current/gui/data_noise/10_noise.png>]
(./rate.aux) ) 
Here is how much of TeX's memory you used:
 3094 strings out of 479304
 46566 string characters out of 5869779
 339845 words of memory out of 5000000
 20233 multiletter control sequences out of 15000+600000
 412576 words of font info for 63 fonts, out of 8000000 for 9000
 1141 hyphenation exceptions out of 8191
 68i,11n,74p,380b,243s stack positions out of 5000i,500n,10000p,200000b,80000s
{/usr/share/texmf/fonts/enc/dvips/cm-super/cm-super-ts1.enc}</usr
/share/texlive/texmf-dist/fonts/type1/public/amsfonts/cm/cmbx10.pfb></usr/share
/texlive/texmf-dist/fonts/type1/public/amsfonts/cm/cmbx12.pfb></usr/share/texli
ve/texmf-dist/fonts/type1/public/amsfonts/cm/cmbx7.pfb></usr/share/texlive/texm
f-dist/fonts/type1/public/amsfonts/cm/cmex10.pfb></usr/share/texlive/texmf-dist
/fonts/type1/public/amsfonts/cmextra/cmex8.pfb></usr/share/texlive/texmf-dist/f
onts/type1/public/amsfonts/cm/cmmi10.pfb></usr/share/texlive/texmf-dist/fonts/t
ype1/public/amsfonts/cm/cmmi12.pfb></usr/share/texlive/texmf-dist/fonts/type1/p
ublic/amsfonts/cm/cmmi6.pfb></usr/share/texlive/texmf-dist/fonts/type1/public/a
msfonts/cm/cmmi7.pfb></usr/share/texlive/texmf-dist/fonts/type1/public/amsfonts
/cm/cmmi8.pfb></usr/share/texlive/texmf-dist/fonts/type1/public/amsfonts/cm/cmr
10.pfb></usr/share/texlive/texmf-dist/fonts/type1/public/amsfonts/cm/cmr5.pfb><
/usr/share/texlive/texmf-dist/fonts/type1/public/amsfonts/cm/cmr6.pfb></usr/sha
re/texlive/texmf-dist/fonts/type1/public/amsfonts/cm/cmr7.pfb></usr/share/texli
ve/texmf-dist/fonts/type1/public/amsfonts/cm/cmr8.pfb></usr/share/texlive/texmf
-dist/fonts/type1/public/amsfonts/cm/cmsy10.pfb></usr/share/texlive/texmf-dist/
fonts/type1/public/amsfonts/cm/cmsy7.pfb></usr/share/texlive/texmf-dist/fonts/t
ype1/public/amsfonts/cm/cmsy8.pfb></usr/share/texlive/texmf-dist/fonts/type1/pu
blic/amsfonts/symbols/msam10.pfb></usr/share/texmf/fonts/type1/public/cm-super/
sfrm1000.pfb></usr/share/texlive/texmf-dist/fonts/type1/urw/helvetic/uhvr8a.pfb
>
Output written on rate.pdf (31 pages, 103672196 bytes).
PDF statistics:
 267 PDF objects out of 1000 (max. 8388607)
 169 compressed objects within 2 object streams
 0 named destinations out of 1000 (max. 500000)
 172 words of extra memory for PDF output out of 10000 (max. 10000000)

